npm warn ERESOLVE overriding peer dependency
npm warn While resolving: fitgoal-app@0.1.0
npm warn Found: react@18.3.1
npm warn node_modules/react
npm warn   peer react@"^16.5.1 || ^17.0.0 || ^18.0.0" from lucide-react@0.395.0
npm warn   node_modules/lucide-react
npm warn     lucide-react@"^0.395.0" from the root project
npm warn   4 more (react-dom, react-hook-form, the root project, next)
npm warn
npm warn Could not resolve dependency:
npm warn peer react@"^16.5.1 || ^17.0.0 || ^18.0.0" from lucide-react@0.395.0
npm warn node_modules/lucide-react
npm warn   lucide-react@"^0.395.0" from the root project
npm warn ERESOLVE overriding peer dependency
npm warn While resolving: fitgoal-app@0.1.0
npm warn Found: react@18.3.1
npm warn node_modules/react
npm warn   peer react@"^16.5.1 || ^17.0.0 || ^18.0.0" from lucide-react@0.395.0
npm warn   node_modules/lucide-react
npm warn     lucide-react@"^0.395.0" from the root project
npm warn   4 more (react-dom, react-hook-form, the root project, next)
npm warn
npm warn Could not resolve dependency:
npm warn peer react@"^18.3.1" from react-dom@18.3.1
npm warn node_modules/react-dom
npm warn   react-dom@"19.2.4" from the root project
npm warn   1 more (next)
npm warn cleanup Failed to remove some directories [
npm warn cleanup   [
npm warn cleanup     'c:\\Project\\FITGOAL\\node_modules\\@next\\.swc-win32-x64-msvc-poDSTLlj',
npm warn cleanup     [Error: EPERM: operation not permitted, unlink 'c:\Project\FITGOAL\node_modules\@next\.swc-win32-x64-msvc-poDSTLlj\next-swc.win32-x64-msvc.node'] {
npm warn cleanup       errno: -4048,
npm warn cleanup       code: 'EPERM',
npm warn cleanup       syscall: 'unlink',
npm warn cleanup       path: 'c:\\Project\\FITGOAL\\node_modules\\@next\\.swc-win32-x64-msvc-poDSTLlj\\next-swc.win32-x64-msvc.node'
npm warn cleanup     }
npm warn cleanup   ]
npm warn cleanup ]

added 6 packages, removed 4 packages, changed 8 packages, and audited 387 packages in 18s

151 packages are looking for funding
  run `npm fund` for details

6 high severity vulnerabilities

To address issues that do not require attention, run:
  npm audit fix

To address all issues, run:
  npm audit fix --force

Run `npm audit` for details.
